<?xml version="1.0" encoding="UTF-8"?>
<!-- Generated by org.testng.reporters.JUnitReportReporter -->
<testsuite skipped="0" hostname="LAPTOP-MK3TKT6E" name="TestCases.TC003_Post_Employee_Record" tests="9" failures="0" timestamp="2020-05-28T21:02:49 IST" time="0.071" errors="0">
  <testcase name="checkCookies" time="0.016" classname="TestCases.TC003_Post_Employee_Record"/>
  <testcase name="CheckContentEncoding" time="0.025" classname="TestCases.TC003_Post_Employee_Record"/>
  <testcase name="CheckContentLength" time="0.000" classname="TestCases.TC003_Post_Employee_Record"/>
  <testcase name="CheckResponseTime" time="0.000" classname="TestCases.TC003_Post_Employee_Record"/>
  <testcase name="checkResponseBody" time="0.015" classname="TestCases.TC003_Post_Employee_Record"/>
  <testcase name="CheckContentType" time="0.000" classname="TestCases.TC003_Post_Employee_Record"/>
  <testcase name="CheckStatusLine" time="0.000" classname="TestCases.TC003_Post_Employee_Record"/>
  <testcase name="CheckStatusCode" time="0.000" classname="TestCases.TC003_Post_Employee_Record"/>
  <testcase name="CheckServerType" time="0.015" classname="TestCases.TC003_Post_Employee_Record"/>
</testsuite> <!-- TestCases.TC003_Post_Employee_Record -->
