<?xml version="1.0" encoding="UTF-8"?>
<!-- Generated by org.testng.reporters.JUnitReportReporter -->
<testsuite skipped="0" hostname="LAPTOP-MK3TKT6E" name="TestCases.TC001_Get_All_Employee_Data" tests="9" failures="0" timestamp="2020-05-28T21:02:49 IST" time="0.019" errors="0">
  <testcase name="checkResponseBody" time="0.000" classname="TestCases.TC001_Get_All_Employee_Data"/>
  <testcase name="CheckContentEncoding" time="0.003" classname="TestCases.TC001_Get_All_Employee_Data"/>
  <testcase name="CheckContentType" time="0.000" classname="TestCases.TC001_Get_All_Employee_Data"/>
  <testcase name="CheckContentLength" time="0.000" classname="TestCases.TC001_Get_All_Employee_Data"/>
  <testcase name="CheckStatusCode" time="0.000" classname="TestCases.TC001_Get_All_Employee_Data"/>
  <testcase name="CheckStatusLine" time="0.000" classname="TestCases.TC001_Get_All_Employee_Data"/>
  <testcase name="checkCookies" time="0.000" classname="TestCases.TC001_Get_All_Employee_Data"/>
  <testcase name="CheckResponseTime" time="0.000" classname="TestCases.TC001_Get_All_Employee_Data"/>
  <testcase name="CheckServerType" time="0.016" classname="TestCases.TC001_Get_All_Employee_Data"/>
</testsuite> <!-- TestCases.TC001_Get_All_Employee_Data -->
